<?xml version="1.0" encoding="UTF-8"?>
<!-- Generated by org.testng.reporters.JUnitReportReporter -->
<testsuite hostname="ITHAcer" failures="0" tests="2" name="com.orangeHRM.TestOrangeHRM" time="30.089" errors="0" timestamp="2025-11-13T17:04:34 IST" skipped="0">
  <testcase classname="com.orangeHRM.TestOrangeHRM" name="GetTextFunctionality" time="7.744"/>
  <testcase classname="com.orangeHRM.TestOrangeHRM" name="LogInFunctionality1" time="22.345"/>
</testsuite> <!-- com.orangeHRM.TestOrangeHRM -->
